
ROM used:   556 (7%)
            2049 (25%) including unused fragments

            1 Average locations per line
            9 Average locations per statement

RAM used:   8 (2%) at main() level
            17 (5%) worst case

Stack used: 2/8 worst case (1 in main + 1 for interrupts)

Lines Stmts  %   Files
----- ----- ---  -----
   96    65 100  ej5.c
  302     0   0  C:\Archivos de programa\PICC\devices\16f877.h
----- -----
  398    65 Total

Page ROM  %  RAM   Vol Diff  Functions:
---- --- --- ---   --- ----  ----------
0     20   4   1             @delay_ms1
3      1   0   0     5  1.0  loader16F877
0    277  50   1  1966 10.7  MAIN
0     20   4   0             @const72
0     40   7   2             @PSTRINGC_38400_62_63
0     10   2   0             @const74
0     77  14   4             @PSTRINGC7_38400_62_63
0     10   2   0             @const76
0     15   3   0             @const77
0     16   3   0             @const78
0     17   3   0             @const79
0     17   3   0             @const80
0      3   1   0             @const81
0     15   3   0             @const88
0     14   3   0             @const89
 Inline        0             @cinit1

Program metrics:
    Functions               2
    Statements              65
    Comments                82
    Volume (V)              2035
    Difficulty (D)          10.4
    Effort to implement (E) 21256
    Time to implement (T)   20 minutes
    Est Delivered Bugs (B)  0
    Cyclomatic Complexity   10
    Maintainability (MI)    54

 Segment     Used  Free
-----------  ----  ----
00000-00003     4  0  
00004-007FF   551  1493  
00800-00FFF     0  2048  
01000-017FF     0  2048  
01800-01EFF     0  1792  
01F00-01FFF     1  255  



