
ROM used: 371 (5%)
          2048 (25%) including unused fragments

          1 Average locations per line
          5 Average locations per statement

RAM used: 10 (6%) at main() level
          12 (7%) worst case

Lines Stmts  %   Files
----- ----- ---  -----
  125    78 100  D:\PracticaOcho\ej2\ej2.c
  259     0   0  C:\Program Files (x86)\PICC\devices\16f877.h
----- -----
  768   156 Total

Page ROM  %  RAM  Functions:
---- --- --- ---  ----------
0     19   5   1  @delay_ms1
3      1   0   0  loader16F877
0    215  58   1  main
0    132  36   1  tabla

 Segment   Used  Free
---------  ----  ----
00000-00003     4  0
00004-007FF   366  1678
00800-00FFF     0  2048
01000-017FF     0  2048
01800-01EFF     0  1792
01F00-01FFF     1  255

