Warning[205] C:\USERS\KUBOS\DESKTOP\MICROCOMPUTADORASTEORÌA\LABMICROS\PRACTICA2\EJ1.ASM 1 : Found directive in column 1. (processor)
Warning[205] C:\USERS\KUBOS\DESKTOP\MICROCOMPUTADORASTEORÌA\LABMICROS\PRACTICA2\EJ1.ASM 2 : Found directive in column 1. (include)
Warning[205] C:\USERS\KUBOS\DESKTOP\MICROCOMPUTADORASTEORÌA\LABMICROS\PRACTICA2\EJ1.ASM 10 : Found directive in column 1. (org)
Warning[203] C:\USERS\KUBOS\DESKTOP\MICROCOMPUTADORASTEORÌA\LABMICROS\PRACTICA2\EJ1.ASM 11 : Found opcode in column 1. (goto)
Warning[205] C:\USERS\KUBOS\DESKTOP\MICROCOMPUTADORASTEORÌA\LABMICROS\PRACTICA2\EJ1.ASM 12 : Found directive in column 1. (org)
Warning[203] C:\USERS\KUBOS\DESKTOP\MICROCOMPUTADORASTEORÌA\LABMICROS\PRACTICA2\EJ1.ASM 14 : Found opcode in column 1. (BCF)
Warning[203] C:\USERS\KUBOS\DESKTOP\MICROCOMPUTADORASTEORÌA\LABMICROS\PRACTICA2\EJ1.ASM 15 : Found opcode in column 1. (MOVLW)
Warning[203] C:\USERS\KUBOS\DESKTOP\MICROCOMPUTADORASTEORÌA\LABMICROS\PRACTICA2\EJ1.ASM 16 : Found opcode in column 1. (MOVWF)
Message[302] C:\USERS\KUBOS\DESKTOP\MICROCOMPUTADORASTEORÌA\LABMICROS\PRACTICA2\EJ1.ASM 16 : Register in operand not in bank 0.  Ensure that bank bits are correct.
Warning[203] C:\USERS\KUBOS\DESKTOP\MICROCOMPUTADORASTEORÌA\LABMICROS\PRACTICA2\EJ1.ASM 17 : Found opcode in column 1. (BCF)
Warning[203] C:\USERS\KUBOS\DESKTOP\MICROCOMPUTADORASTEORÌA\LABMICROS\PRACTICA2\EJ1.ASM 18 : Found opcode in column 1. (clrf)
Warning[203] C:\USERS\KUBOS\DESKTOP\MICROCOMPUTADORASTEORÌA\LABMICROS\PRACTICA2\EJ1.ASM 21 : Found opcode in column 1. (call)
Warning[203] C:\USERS\KUBOS\DESKTOP\MICROCOMPUTADORASTEORÌA\LABMICROS\PRACTICA2\EJ1.ASM 22 : Found opcode in column 1. (bcf)
Warning[203] C:\USERS\KUBOS\DESKTOP\MICROCOMPUTADORASTEORÌA\LABMICROS\PRACTICA2\EJ1.ASM 23 : Found opcode in column 1. (call)
Warning[203] C:\USERS\KUBOS\DESKTOP\MICROCOMPUTADORASTEORÌA\LABMICROS\PRACTICA2\EJ1.ASM 24 : Found opcode in column 1. (goto)
Warning[203] C:\USERS\KUBOS\DESKTOP\MICROCOMPUTADORASTEORÌA\LABMICROS\PRACTICA2\EJ1.ASM 26 : Found opcode in column 1. (movwf)
Warning[203] C:\USERS\KUBOS\DESKTOP\MICROCOMPUTADORASTEORÌA\LABMICROS\PRACTICA2\EJ1.ASM 28 : Found opcode in column 1. (movwf)
Warning[203] C:\USERS\KUBOS\DESKTOP\MICROCOMPUTADORASTEORÌA\LABMICROS\PRACTICA2\EJ1.ASM 30 : Found opcode in column 1. (movwf)
Message[305] C:\USERS\KUBOS\DESKTOP\MICROCOMPUTADORASTEORÌA\LABMICROS\PRACTICA2\EJ1.ASM 31 : Using default destination of 1 (file).
Warning[203] C:\USERS\KUBOS\DESKTOP\MICROCOMPUTADORASTEORÌA\LABMICROS\PRACTICA2\EJ1.ASM 32 : Found opcode in column 1. (goto)
Warning[203] C:\USERS\KUBOS\DESKTOP\MICROCOMPUTADORASTEORÌA\LABMICROS\PRACTICA2\EJ1.ASM 33 : Found opcode in column 1. (decfsz)
Message[305] C:\USERS\KUBOS\DESKTOP\MICROCOMPUTADORASTEORÌA\LABMICROS\PRACTICA2\EJ1.ASM 33 : Using default destination of 1 (file).
Warning[203] C:\USERS\KUBOS\DESKTOP\MICROCOMPUTADORASTEORÌA\LABMICROS\PRACTICA2\EJ1.ASM 34 : Found opcode in column 1. (goto)
Warning[203] C:\USERS\KUBOS\DESKTOP\MICROCOMPUTADORASTEORÌA\LABMICROS\PRACTICA2\EJ1.ASM 35 : Found opcode in column 1. (decfsz)
Message[305] C:\USERS\KUBOS\DESKTOP\MICROCOMPUTADORASTEORÌA\LABMICROS\PRACTICA2\EJ1.ASM 35 : Using default destination of 1 (file).
Warning[203] C:\USERS\KUBOS\DESKTOP\MICROCOMPUTADORASTEORÌA\LABMICROS\PRACTICA2\EJ1.ASM 36 : Found opcode in column 1. (goto)
Warning[203] C:\USERS\KUBOS\DESKTOP\MICROCOMPUTADORASTEORÌA\LABMICROS\PRACTICA2\EJ1.ASM 37 : Found opcode in column 1. (return)
Warning[205] C:\USERS\KUBOS\DESKTOP\MICROCOMPUTADORASTEORÌA\LABMICROS\PRACTICA2\EJ1.ASM 38 : Found directive in column 1. (END)
