
ROM used:   59 (1%)
            2049 (25%) including unused fragments

            0 Average locations per line
            10 Average locations per statement

RAM used:   6 (2%) at main() level
            7 (2%) worst case

Stack used: 2/8 worst case (1 in main + 1 for interrupts)

Lines Stmts  %   Files
----- ----- ---  -----
   14     6 100  ej1p8.c
  302     0   0  C:\Archivos de programa\PICC\devices\16f877.h
----- -----
  316     6 Total

Page ROM  %  RAM   Vol Diff  Functions:
---- --- --- ---   --- ----  ----------
0     20  34   1             @delay_ms1
3      1   2   0     5  1.0  loader16F877
0     34  58   1    86  1.6  MAIN
 Inline        0             @cinit1

Program metrics:
    Functions               2
    Statements              6
    Comments                76
    Volume (V)              108
    Difficulty (D)          2.1
    Effort to implement (E) 232
    Time to implement (T)   0 minutes
    Est Delivered Bugs (B)  0
    Cyclomatic Complexity   1
    Maintainability (MI)    126

 Segment     Used  Free
-----------  ----  ----
00000-00003     4  0  
00004-007FF    54  1990  
00800-00FFF     0  2048  
01000-017FF     0  2048  
01800-01EFF     0  1792  
01F00-01FFF     1  255  



